<?xml version="1.0" encoding="UTF-8"?>
<!-- Generated by org.testng.reporters.JUnitXMLReporter -->
<testsuite hostname="LAPTOP-V2OLUBP4" ignored="0" name="piit" tests="3" failures="0" timestamp="08 Jun 2019 17:44:49 GMT" time="32.239" errors="0">
  <testcase name="f" time="7.566" classname="frameworkDemo.NewTest_HomePageTest"/>
  <testcase name="f" time="5.709" classname="frameworkDemo.NewTest_PasswdTest"/>
  <testcase name="verifyAmzondLogIn" time="4.374" classname="frameworkDemo.NewTest_AmazonPageTest"/>
</testsuite> <!-- piit -->
