<?xml version="1.0" encoding="UTF-8"?>
<testng-results skipped="0" failed="0" ignored="0" total="1" passed="1">
  <reporter-output>
  </reporter-output>
  <suite name="Default suite" duration-ms="13045" started-at="2019-06-28T09:57:42Z" finished-at="2019-06-28T09:57:55Z">
    <groups>
    </groups>
    <test name="Default test" duration-ms="13045" started-at="2019-06-28T09:57:42Z" finished-at="2019-06-28T09:57:55Z">
      <class name="captureScreenShot.facebookmvn">
        <test-method status="PASS" signature="setUp()[pri:0, instance:captureScreenShot.facebookmvn@59fa1d9b]" name="setUp" is-config="true" duration-ms="6306" started-at="2019-06-28T09:57:42Z" finished-at="2019-06-28T09:57:48Z">
          <reporter-output>
          </reporter-output>
        </test-method> <!-- setUp -->
        <test-method status="PASS" signature="FBTestCase()[pri:0, instance:captureScreenShot.facebookmvn@59fa1d9b]" name="FBTestCase" duration-ms="5860" started-at="2019-06-28T09:57:48Z" finished-at="2019-06-28T09:57:54Z">
          <reporter-output>
          </reporter-output>
        </test-method> <!-- FBTestCase -->
        <test-method status="PASS" signature="tearDown()[pri:0, instance:captureScreenShot.facebookmvn@59fa1d9b]" name="tearDown" is-config="true" duration-ms="853" started-at="2019-06-28T09:57:54Z" finished-at="2019-06-28T09:57:55Z">
          <reporter-output>
          </reporter-output>
        </test-method> <!-- tearDown -->
      </class> <!-- captureScreenShot.facebookmvn -->
    </test> <!-- Default test -->
  </suite> <!-- Default suite -->
</testng-results>
