<?xml version="1.0" encoding="UTF-8"?>
<!-- Generated by org.testng.reporters.JUnitXMLReporter -->
<testsuite hostname="LAPTOP-V2OLUBP4" ignored="0" name="dataprovider test" tests="6" failures="0" timestamp="12 Jun 2019 19:26:30 GMT" time="0.032" errors="0">
  <testcase name="TestA" time="0.004" classname="com.testNGDemo.NewTest_TestA"/>
  <testcase name="f" time="0.001" classname="com.testNGDemo.NewTest_TestB"/>
  <testcase name="f" time="0.001" classname="com.testNGDemo.NewTest_TestB"/>
  <testcase name="f" time="0.0" classname="com.testNGDemo.NewTest_TestC"/>
  <testcase name="f" time="0.001" classname="com.testNGDemo.NewTest_TestC"/>
  <testcase name="f" time="0.0" classname="com.testNGDemo.NewTest_TestC"/>
</testsuite> <!-- dataprovider test -->
