<?xml version="1.0" encoding="UTF-8"?>
<!-- Generated by org.testng.reporters.JUnitXMLReporter -->
<testsuite hostname="LAPTOP-V2OLUBP4" ignored="0" name="Google Test" tests="12" failures="0" timestamp="12 Jun 2019 03:34:00 GMT" time="9.024" errors="0">
  <testcase name="googleLogoTest" time="0.047" classname="com.testNGDemo.NewTest_GoogleTitleTest"/>
  <testcase name="verifygoogleTitleTest" time="0.008" classname="com.testNGDemo.NewTest_GoogleTitleTest"/>
  <testcase name="verifytestorder1" time="0.003" classname="com.testNGDemo.NewTest_testNGOrder_Test"/>
  <testcase name="verifytestorder2" time="0.0" classname="com.testNGDemo.NewTest_testNGOrder_Test"/>
  <testcase name="sum" time="0.001" classname="com.testNGDemo.NewTest_InvocationCountTest"/>
  <testcase name="sum" time="0.0" classname="com.testNGDemo.NewTest_InvocationCountTest"/>
  <testcase name="sum" time="0.0" classname="com.testNGDemo.NewTest_InvocationCountTest"/>
  <testcase name="sum" time="0.0" classname="com.testNGDemo.NewTest_InvocationCountTest"/>
  <testcase name="sum" time="0.001" classname="com.testNGDemo.NewTest_InvocationCountTest"/>
  <testcase name="sum" time="0.0" classname="com.testNGDemo.NewTest_InvocationCountTest"/>
  <testcase name="sum" time="0.001" classname="com.testNGDemo.NewTest_InvocationCountTest"/>
  <testcase name="infinitLoopTest" time="0.001" classname="com.testNGDemo.NewTest_ExceptionTimeOutTest"/>
</testsuite> <!-- Google Test -->
