<?xml version="1.0" encoding="UTF-8"?>
<!-- Generated by org.testng.reporters.JUnitXMLReporter -->
<testsuite hostname="LAPTOP-V2OLUBP4" ignored="0" name="facebooklogIn" tests="15" failures="0" timestamp="09 Jun 2019 06:57:10 GMT" time="146.649" errors="0">
  <testcase name="f" time="6.368" classname="com_DataProvider.NewTest_FBLoginTest"/>
  <testcase name="f" time="6.273" classname="com_DataProvider.NewTest_FBLoginTest"/>
  <testcase name="f" time="6.315" classname="com_DataProvider.NewTest_FBLoginTest"/>
  <testcase name="f" time="4.115" classname="com_DataProvider.NewTest_FBAcountTest"/>
  <testcase name="f" time="4.009" classname="com_DataProvider.NewTest_FBAcountTest"/>
  <testcase name="f" time="4.184" classname="com_DataProvider.NewTest_FBAcountTest"/>
  <testcase name="f" time="5.203" classname="com_DataProvider.NewTest_FBBirthDateTest"/>
  <testcase name="f" time="5.278" classname="com_DataProvider.NewTest_FBBirthDateTest"/>
  <testcase name="f" time="5.27" classname="com_DataProvider.NewTest_FBBirthDateTest"/>
  <testcase name="f" time="5.288" classname="com_DataProvider.NewTest_FBBirthDateTest"/>
  <testcase name="f" time="5.278" classname="com_DataProvider.NewTest_FBBirthDateTest"/>
  <testcase name="f" time="5.266" classname="com_DataProvider.NewTest_FBBirthDateTest"/>
  <testcase name="f" time="7.293" classname="com_DataProvider.NewTest_FBBirthDate_YearTest"/>
  <testcase name="f" time="7.379" classname="com_DataProvider.NewTest_FBBirthDate_YearTest"/>
  <testcase name="f" time="7.232" classname="com_DataProvider.NewTest_FBBirthDate_YearTest"/>
</testsuite> <!-- facebooklogIn -->
