<?xml version="1.0" encoding="UTF-8"?>
<!-- Generated by org.testng.reporters.JUnitXMLReporter -->
<testsuite hostname="LAPTOP-V2OLUBP4" ignored="0" name="final test" tests="4" failures="0" timestamp="16 Jun 2019 07:39:32 GMT" time="0.033" errors="0">
  <testcase name="sum" time="0.01" classname="com.maven.test.ComputerTest"/>
  <testcase name="sum" time="0.001" classname="com.maven.test.MathTest"/>
  <testcase name="multi" time="0.001" classname="com.maven.test.ChemTest"/>
  <testcase name="sub" time="0.001" classname="com.maven.test.ComputerTest"/>
</testsuite> <!-- final test -->
