<?xml version="1.0" encoding="UTF-8"?>
<!-- Generated by org.testng.reporters.JUnitXMLReporter -->
<testsuite hostname="LAPTOP-V2OLUBP4" ignored="0" name="General test" tests="8" failures="0" timestamp="16 Jun 2019 17:52:58 GMT" time="0.043" errors="0">
  <testcase name="multi" time="0.009" classname="com.maven.test.ChemTest"/>
  <testcase name="sum" time="0.001" classname="com.maven.test.ComputerTest"/>
  <testcase name="sum" time="0.002" classname="com.maven.test.MathTest"/>
  <testcase name="div" time="0.001" classname="com.maven.test.ChemTest"/>
  <testcase name="sub" time="0.001" classname="com.maven.test.ComputerTest"/>
  <testcase name="sub" time="0.001" classname="com.maven.test.MathTest"/>
  <testcase name="multi" time="0.001" classname="com.maven.test.MathTest"/>
  <testcase name="div" time="0.001" classname="com.maven.test.MathTest"/>
</testsuite> <!-- General test -->
