<?xml version="1.0" encoding="UTF-8"?>
<!-- Generated by org.testng.reporters.JUnitXMLReporter -->
<testsuite hostname="LAPTOP-V2OLUBP4" ignored="0" name="Kaldis test" tests="5" failures="0" timestamp="15 Jun 2019 00:14:02 GMT" time="20.953" errors="0">
  <testcase name="f" time="2.898" classname="com_DataProvider.NewTest_KaldisHomePageTest"/>
  <testcase name="f" time="2.435" classname="com_DataProvider.NewTest_KaldisHomePageTest"/>
  <testcase name="f" time="2.633" classname="com_DataProvider.NewTest_KaldisHomePageTest"/>
  <testcase name="f" time="2.614" classname="com_DataProvider.NewTest_KaldisHomePageTest"/>
  <testcase name="f" time="2.608" classname="com_DataProvider.NewTest_KaldisHomePageTest"/>
</testsuite> <!-- Kaldis test -->
