<?xml version="1.0" encoding="UTF-8"?>
<testng-results skipped="0" failed="0" ignored="0" total="1" passed="1">
  <reporter-output>
  </reporter-output>
  <suite name="Default suite" duration-ms="7556" started-at="2019-06-28T13:43:02Z" finished-at="2019-06-28T13:43:09Z">
    <groups>
    </groups>
    <test name="Default test" duration-ms="7556" started-at="2019-06-28T13:43:02Z" finished-at="2019-06-28T13:43:09Z">
      <class name="pageObjectModel.NewTest_WordPressTest">
        <test-method status="PASS" signature="verifyValidLogin()[pri:0, instance:pageObjectModel.NewTest_WordPressTest@18be83e4]" name="verifyValidLogin" duration-ms="7541" started-at="2019-06-28T13:43:02Z" finished-at="2019-06-28T13:43:09Z">
          <reporter-output>
          </reporter-output>
        </test-method> <!-- verifyValidLogin -->
      </class> <!-- pageObjectModel.NewTest_WordPressTest -->
    </test> <!-- Default test -->
  </suite> <!-- Default suite -->
</testng-results>
