<?xml version="1.0" encoding="UTF-8"?>
<testng-results skipped="0" failed="0" ignored="0" total="3" passed="3">
  <reporter-output>
  </reporter-output>
  <suite name="Default suite" duration-ms="12507" started-at="2019-06-18T10:21:27Z" finished-at="2019-06-18T10:21:40Z">
    <groups>
    </groups>
    <test name="Default test" duration-ms="12507" started-at="2019-06-18T10:21:27Z" finished-at="2019-06-18T10:21:40Z">
      <class name="ExcelDataProviderDemo.FacebookExcelData">
        <test-method status="PASS" signature="setUp()[pri:0, instance:ExcelDataProviderDemo.FacebookExcelData@5b275dab]" name="setUp" is-config="true" duration-ms="4744" started-at="2019-06-18T10:21:27Z" finished-at="2019-06-18T10:21:32Z">
          <reporter-output>
          </reporter-output>
        </test-method> <!-- setUp -->
        <test-method status="PASS" signature="facebookAccount(java.lang.String, java.lang.String)[pri:0, instance:ExcelDataProviderDemo.FacebookExcelData@5b275dab]" name="facebookAccount" duration-ms="2365" started-at="2019-06-18T10:21:32Z" data-provider="dp" finished-at="2019-06-18T10:21:35Z">
          <params>
            <param index="0">
              <value>
                <![CDATA[username1]]>
              </value>
            </param>
            <param index="1">
              <value>
                <![CDATA[password1]]>
              </value>
            </param>
          </params>
          <reporter-output>
          </reporter-output>
        </test-method> <!-- facebookAccount -->
        <test-method status="PASS" signature="facebookAccount(java.lang.String, java.lang.String)[pri:0, instance:ExcelDataProviderDemo.FacebookExcelData@5b275dab]" name="facebookAccount" duration-ms="2164" started-at="2019-06-18T10:21:35Z" data-provider="dp" finished-at="2019-06-18T10:21:37Z">
          <params>
            <param index="0">
              <value>
                <![CDATA[username2]]>
              </value>
            </param>
            <param index="1">
              <value>
                <![CDATA[password2]]>
              </value>
            </param>
          </params>
          <reporter-output>
          </reporter-output>
        </test-method> <!-- facebookAccount -->
        <test-method status="PASS" signature="facebookAccount(java.lang.String, java.lang.String)[pri:0, instance:ExcelDataProviderDemo.FacebookExcelData@5b275dab]" name="facebookAccount" duration-ms="2155" started-at="2019-06-18T10:21:37Z" data-provider="dp" finished-at="2019-06-18T10:21:39Z">
          <params>
            <param index="0">
              <value>
                <![CDATA[username2]]>
              </value>
            </param>
            <param index="1">
              <value>
                <![CDATA[password3]]>
              </value>
            </param>
          </params>
          <reporter-output>
          </reporter-output>
        </test-method> <!-- facebookAccount -->
        <test-method status="PASS" signature="tearDown()[pri:0, instance:ExcelDataProviderDemo.FacebookExcelData@5b275dab]" name="tearDown" is-config="true" duration-ms="612" started-at="2019-06-18T10:21:39Z" finished-at="2019-06-18T10:21:40Z">
          <reporter-output>
          </reporter-output>
        </test-method> <!-- tearDown -->
      </class> <!-- ExcelDataProviderDemo.FacebookExcelData -->
    </test> <!-- Default test -->
  </suite> <!-- Default suite -->
</testng-results>
