<?xml version="1.0" encoding="UTF-8"?>
<testng-results skipped="0" failed="0" ignored="0" total="1" passed="1">
  <reporter-output>
  </reporter-output>
  <suite name="Netflix suite" duration-ms="32231" started-at="2019-06-28T20:38:06Z" finished-at="2019-06-28T20:38:39Z">
    <groups>
    </groups>
    <test name="netflix test" duration-ms="32231" started-at="2019-06-28T20:38:06Z" finished-at="2019-06-28T20:38:39Z">
      <class name="com.netflix.testcase.NetflixTest">
        <test-method status="PASS" signature="setUp()[pri:0, instance:com.netflix.testcase.NetflixTest@5622fdf]" name="setUp" is-config="true" duration-ms="16906" started-at="2019-06-28T20:38:06Z" finished-at="2019-06-28T20:38:23Z">
          <reporter-output>
          </reporter-output>
        </test-method> <!-- setUp -->
        <test-method status="PASS" signature="netflixSignInVerification()[pri:0, instance:com.netflix.testcase.NetflixTest@5622fdf]" name="netflixSignInVerification" duration-ms="13104" started-at="2019-06-28T20:38:23Z" finished-at="2019-06-28T20:38:36Z">
          <reporter-output>
          </reporter-output>
        </test-method> <!-- netflixSignInVerification -->
        <test-method status="PASS" signature="facebooktesting(org.testng.ITestResult)[pri:0, instance:com.netflix.testcase.NetflixTest@5622fdf]" name="facebooktesting" is-config="true" duration-ms="1567" started-at="2019-06-28T20:38:36Z" finished-at="2019-06-28T20:38:38Z">
          <params>
            <param index="0">
              <value>
                <![CDATA[[TestResult name=netflixSignInVerification status=SUCCESS method=NetflixTest.netflixSignInVerification()[pri:0, instance:com.netflix.testcase.NetflixTest@5622fdf] output={null}]]]>
              </value>
            </param>
          </params>
          <reporter-output>
          </reporter-output>
        </test-method> <!-- facebooktesting -->
        <test-method status="PASS" signature="tearDown()[pri:0, instance:com.netflix.testcase.NetflixTest@5622fdf]" name="tearDown" is-config="true" duration-ms="638" started-at="2019-06-28T20:38:38Z" finished-at="2019-06-28T20:38:39Z">
          <reporter-output>
          </reporter-output>
        </test-method> <!-- tearDown -->
      </class> <!-- com.netflix.testcase.NetflixTest -->
    </test> <!-- netflix test -->
  </suite> <!-- Netflix suite -->
</testng-results>
