<?xml version="1.0" encoding="UTF-8"?>
<!-- Generated by org.testng.reporters.JUnitXMLReporter -->
<testsuite hostname="LAPTOP-V2OLUBP4" ignored="0" name="Command line test" tests="4" failures="0" timestamp="16 Jun 2019 07:16:06 GMT" time="0.027" errors="0">
  <testcase name="sum" time="0.011" classname="com.maven.test.MathTest"/>
  <testcase name="sub" time="0.0" classname="com.maven.test.MathTest"/>
  <testcase name="multi" time="0.0" classname="com.maven.test.MathTest"/>
  <testcase name="div" time="0.0" classname="com.maven.test.MathTest"/>
</testsuite> <!-- Command line test -->
