<?xml version="1.0" encoding="UTF-8"?>
<testng-results skipped="0" failed="0" ignored="0" total="1" passed="1">
  <reporter-output>
  </reporter-output>
  <suite name="Default suite" duration-ms="15342" started-at="2019-06-21T18:58:42Z" finished-at="2019-06-21T18:58:57Z">
    <groups>
    </groups>
    <test name="Default test" duration-ms="15342" started-at="2019-06-21T18:58:42Z" finished-at="2019-06-21T18:58:57Z">
      <class name="com.com.ebay_account.Ebay_accountTest">
        <test-method status="PASS" signature="setUP()[pri:0, instance:com.com.ebay_account.Ebay_accountTest@7f9a81e8]" name="setUP" is-config="true" duration-ms="5889" started-at="2019-06-21T18:58:42Z" finished-at="2019-06-21T18:58:48Z">
          <reporter-output>
          </reporter-output>
        </test-method> <!-- setUP -->
        <test-method status="PASS" signature="ebayignIn()[pri:0, instance:com.com.ebay_account.Ebay_accountTest@7f9a81e8]" name="ebayignIn" duration-ms="8808" started-at="2019-06-21T18:58:48Z" finished-at="2019-06-21T18:58:56Z">
          <reporter-output>
          </reporter-output>
        </test-method> <!-- ebayignIn -->
        <test-method status="PASS" signature="tearDown()[pri:0, instance:com.com.ebay_account.Ebay_accountTest@7f9a81e8]" name="tearDown" is-config="true" duration-ms="626" started-at="2019-06-21T18:58:56Z" finished-at="2019-06-21T18:58:57Z">
          <reporter-output>
          </reporter-output>
        </test-method> <!-- tearDown -->
      </class> <!-- com.com.ebay_account.Ebay_accountTest -->
    </test> <!-- Default test -->
  </suite> <!-- Default suite -->
</testng-results>
